<?xml version='1.0' encoding='UTF-8'?>
<testsuite hostname="linux" name="Day2Spec" tests="1" errors="0" failures="0" skipped="0" time="0.01" timestamp="2023-12-04T16:05:11">
          <properties>
[...]
</properties>
          <testcase classname="Day2Spec" name="part one should give the correct sum of all the valid Game Ids" time="0.01">
                      
                    </testcase>
          <system-out><![CDATA[]]></system-out>
          <system-err><![CDATA[]]></system-err>
        </testsuite>