[0m[[0m[0mdebug[0m] [0m[0mRunning TaskDef(Day1Spec, org.scalatest.tools.Framework$$anon$1@5c482432, false, [SuiteSelector])[0m
[0m[[0m[0minfo[0m] [0m[0m[32mDay1Spec:[0m[0m
[0m[[0m[0minfo[0m] [0m[0m[32mpart one[0m[0m
[0m[[0m[0minfo[0m] [0m[0m[32m- Should give correct total when given input[0m[0m
[0m[[0m[0minfo[0m] [0m[0m[32mpart two[0m[0m
[0m[[0m[0minfo[0m] [0m[0m[31m- Should change spelled out numbers to Ints and include in total *** FAILED ***[0m[0m
[0m[[0m[0minfo[0m] [0m[0m[31m  281 did not equal 284 (Day1Spec.scala:30)[0m[0m
[0m[[0m[0minfo[0m] [0m[0m[36mRun completed in 377 milliseconds.[0m[0m
[0m[[0m[0minfo[0m] [0m[0m[36mTotal number of tests run: 2[0m[0m
[0m[[0m[0minfo[0m] [0m[0m[36mSuites: completed 1, aborted 0[0m[0m
[0m[[0m[0minfo[0m] [0m[0m[36mTests: succeeded 1, failed 1, canceled 0, ignored 0, pending 0[0m[0m
[0m[[0m[0minfo[0m] [0m[0m[31m*** 1 TEST FAILED ***[0m[0m
[0m[[0m[31merror[0m] [0m[0mFailed tests:[0m
[0m[[0m[31merror[0m] [0m[0m	Day1Spec[0m
[0m[[0m[31merror[0m] [0m[0m(Test / [31mtest[0m) sbt.TestsFailedException: Tests unsuccessful[0m
